This is pdfTeX, Version 3.14159265-2.6-1.40.16 (TeX Live 2015) (preloaded format=pdflatex 2016.1.20)  23 NOV 2016 12:22
entering extended mode
 restricted \write18 enabled.
 file:line:error style messages enabled.
 %&-line parsing enabled.
**DIPmain.tex
(./DIPmain.tex
LaTeX2e <2015/01/01>
Babel <3.9l> and hyphenation patterns for 79 languages loaded.
(/usr/local/texlive/2015/texmf-dist/tex/latex/base/article.cls
Document Class: article 2014/09/29 v1.4h Standard LaTeX document class
(/usr/local/texlive/2015/texmf-dist/tex/latex/base/size10.clo
File: size10.clo 2014/09/29 v1.4h Standard LaTeX file (size option)
)
\c@part=\count79
\c@section=\count80
\c@subsection=\count81
\c@subsubsection=\count82
\c@paragraph=\count83
\c@subparagraph=\count84
\c@figure=\count85
\c@table=\count86
\abovecaptionskip=\skip41
\belowcaptionskip=\skip42
\bibindent=\dimen102
) (/Users/RobThomas/Documents/Latex/bathdronereport.sty

LaTeX Warning: You have requested package `/Users/RobThomas/Documents/Latex/bathdronereport',
               but the package provides `bathdronethesis'.

Package: bathdronethesis 
(/usr/local/texlive/2015/texmf-dist/tex/latex/graphics/graphicx.sty
Package: graphicx 2014/10/28 v1.0g Enhanced LaTeX Graphics (DPC,SPQR)
 (/usr/local/texlive/2015/texmf-dist/tex/latex/graphics/keyval.sty
Package: keyval 2014/10/28 v1.15 key=value parser (DPC)
\KV@toks@=\toks14
) (/usr/local/texlive/2015/texmf-dist/tex/latex/graphics/graphics.sty
Package: graphics 2014/10/28 v1.0p Standard LaTeX Graphics (DPC,SPQR)
 (/usr/local/texlive/2015/texmf-dist/tex/latex/graphics/trig.sty
Package: trig 1999/03/16 v1.09 sin cos tan (DPC)
) (/usr/local/texlive/2015/texmf-dist/tex/latex/latexconfig/graphics.cfg
File: graphics.cfg 2010/04/23 v1.9 graphics configuration of TeX Live
)
Package graphics Info: Driver file: pdftex.def on input line 94.
 (/usr/local/texlive/2015/texmf-dist/tex/latex/pdftex-def/pdftex.def
File: pdftex.def 2011/05/27 v0.06d Graphics/color for pdfTeX
 (/usr/local/texlive/2015/texmf-dist/tex/generic/oberdiek/infwarerr.sty
Package: infwarerr 2010/04/08 v1.3 Providing info/warning/error messages (HO)
) (/usr/local/texlive/2015/texmf-dist/tex/generic/oberdiek/ltxcmds.sty
Package: ltxcmds 2011/11/09 v1.22 LaTeX kernel commands for general use (HO)
)
\Gread@gobject=\count87
))
\Gin@req@height=\dimen103
\Gin@req@width=\dimen104
) (/usr/local/texlive/2015/texmf-dist/tex/latex/xcolor/xcolor.sty
Package: xcolor 2007/01/21 v2.11 LaTeX color extensions (UK)
 (/usr/local/texlive/2015/texmf-dist/tex/latex/latexconfig/color.cfg
File: color.cfg 2007/01/18 v1.5 color configuration of teTeX/TeXLive
)
Package xcolor Info: Driver file: pdftex.def on input line 225.
 (/usr/local/texlive/2015/texmf-dist/tex/latex/colortbl/colortbl.sty
Package: colortbl 2012/02/13 v1.0a Color table columns (DPC)
 (/usr/local/texlive/2015/texmf-dist/tex/latex/tools/array.sty
Package: array 2014/10/28 v2.4c Tabular extension package (FMi)
\col@sep=\dimen105
\extrarowheight=\dimen106
\NC@list=\toks15
\extratabsurround=\skip43
\backup@length=\skip44
)
\everycr=\toks16
\minrowclearance=\skip45
)
\rownum=\count88
Package xcolor Info: Model `cmy' substituted by `cmy0' on input line 1337.
Package xcolor Info: Model `hsb' substituted by `rgb' on input line 1341.
Package xcolor Info: Model `RGB' extended on input line 1353.
Package xcolor Info: Model `HTML' substituted by `rgb' on input line 1355.
Package xcolor Info: Model `Hsb' substituted by `hsb' on input line 1356.
Package xcolor Info: Model `tHsb' substituted by `hsb' on input line 1357.
Package xcolor Info: Model `HSB' substituted by `hsb' on input line 1358.
Package xcolor Info: Model `Gray' substituted by `gray' on input line 1359.
Package xcolor Info: Model `wave' substituted by `hsb' on input line 1360.
) (/usr/local/texlive/2015/texmf-dist/tex/latex/fancyhdr/fancyhdr.sty
\fancy@headwidth=\skip46
\f@ncyO@elh=\skip47
\f@ncyO@erh=\skip48
\f@ncyO@olh=\skip49
\f@ncyO@orh=\skip50
\f@ncyO@elf=\skip51
\f@ncyO@erf=\skip52
\f@ncyO@olf=\skip53
\f@ncyO@orf=\skip54
) (/usr/local/texlive/2015/texmf-dist/tex/latex/sectsty/sectsty.sty
Package: sectsty 2002/02/25 v2.0.2 Commands to change all sectional heading styles
) (/usr/local/texlive/2015/texmf-dist/tex/latex/setspace/setspace.sty
Package: setspace 2011/12/19 v6.7a set line spacing
)

Package Fancyhdr Warning: \fancyfoot's `E' option without twoside option is useless on input line 105.

) (/usr/local/texlive/2015/texmf-dist/tex/latex/psnfss/helvet.sty
Package: helvet 2005/04/12 PSNFSS-v9.2a (WaS) 
) (/usr/local/texlive/2015/texmf-dist/tex/latex/base/fontenc.sty
Package: fontenc 2005/09/27 v1.99g Standard LaTeX package
 (/usr/local/texlive/2015/texmf-dist/tex/latex/base/t1enc.def
File: t1enc.def 2005/09/27 v1.99g Standard LaTeX file
LaTeX Font Info:    Redeclaring font encoding T1 on input line 48.
)) (/usr/local/texlive/2015/texmf-dist/tex/latex/listings/listings.sty
\lst@mode=\count89
\lst@gtempboxa=\box26
\lst@token=\toks17
\lst@length=\count90
\lst@currlwidth=\dimen107
\lst@column=\count91
\lst@pos=\count92
\lst@lostspace=\dimen108
\lst@width=\dimen109
\lst@newlines=\count93
\lst@lineno=\count94
\lst@maxwidth=\dimen110
 (/usr/local/texlive/2015/texmf-dist/tex/latex/listings/lstmisc.sty
File: lstmisc.sty 2014/09/06 1.5e (Carsten Heinz)
\c@lstnumber=\count95
\lst@skipnumbers=\count96
\lst@framebox=\box27
) (/usr/local/texlive/2015/texmf-dist/tex/latex/listings/listings.cfg
File: listings.cfg 2014/09/06 1.5e listings configuration
))
Package: listings 2014/09/06 1.5e (Carsten Heinz)
 (/usr/local/texlive/2015/texmf-dist/tex/latex/caption/caption.sty
Package: caption 2013/05/02 v3.3-89 Customizing captions (AR)
 (/usr/local/texlive/2015/texmf-dist/tex/latex/caption/caption3.sty
Package: caption3 2013/05/02 v1.6-88 caption3 kernel (AR)
Package caption3 Info: TeX engine: e-TeX on input line 57.
\captionmargin=\dimen111
\captionmargin@=\dimen112
\captionwidth=\dimen113
\caption@tempdima=\dimen114
\caption@indent=\dimen115
\caption@parindent=\dimen116
\caption@hangindent=\dimen117
)
\c@ContinuedFloat=\count97
Package caption Info: listings package is loaded.
) (/usr/local/texlive/2015/texmf-dist/tex/latex/wrapfig/wrapfig.sty
\wrapoverhang=\dimen118
\WF@size=\dimen119
\c@WF@wrappedlines=\count98
\WF@box=\box28
\WF@everypar=\toks18
Package: wrapfig 2003/01/31  v 3.6
) (/usr/local/texlive/2015/texmf-dist/tex/latex/caption/subcaption.sty
Package: subcaption 2013/02/03 v1.1-62 Sub-captions (AR)
\c@subfigure=\count99
\c@subtable=\count100
) (/usr/local/texlive/2015/texmf-dist/tex/latex/subfiles/subfiles.sty
Package: subfiles 2012/05/23 Federico Garcia
 (/usr/local/texlive/2015/texmf-dist/tex/latex/tools/verbatim.sty
Package: verbatim 2014/10/28 v1.5q LaTeX2e package for verbatim enhancements
\every@verbatim=\toks19
\verbatim@line=\toks20
\verbatim@in@stream=\read1
)) (/Users/RobThomas/Documents/Uni/Fourth Year/DIP/Uni - DigImage - Coursework 1/Report/.texpadtmp/DIPmain.aux)
\openout1 = `DIPmain.aux'.

LaTeX Font Info:    Checking defaults for OML/cmm/m/it on input line 39.
LaTeX Font Info:    ... okay on input line 39.
LaTeX Font Info:    Checking defaults for T1/cmr/m/n on input line 39.
LaTeX Font Info:    ... okay on input line 39.
LaTeX Font Info:    Checking defaults for OT1/cmr/m/n on input line 39.
LaTeX Font Info:    ... okay on input line 39.
LaTeX Font Info:    Checking defaults for OMS/cmsy/m/n on input line 39.
LaTeX Font Info:    ... okay on input line 39.
LaTeX Font Info:    Checking defaults for OMX/cmex/m/n on input line 39.
LaTeX Font Info:    ... okay on input line 39.
LaTeX Font Info:    Checking defaults for U/cmr/m/n on input line 39.
LaTeX Font Info:    ... okay on input line 39.
LaTeX Font Info:    Try loading font information for T1+phv on input line 39.
 (/usr/local/texlive/2015/texmf-dist/tex/latex/psnfss/t1phv.fd
File: t1phv.fd 2001/06/04 scalable font definitions for T1/phv.
)
LaTeX Font Info:    Font shape `T1/phv/m/n' will be
(Font)              scaled to size 9.49997pt on input line 39.
 (/usr/local/texlive/2015/texmf-dist/tex/context/base/supp-pdf.mkii
[Loading MPS to PDF converter (version 2006.09.02).]
\scratchcounter=\count101
\scratchdimen=\dimen120
\scratchbox=\box29
\nofMPsegments=\count102
\nofMParguments=\count103
\everyMPshowfont=\toks21
\MPscratchCnt=\count104
\MPscratchDim=\dimen121
\MPnumerator=\count105
\makeMPintoPDFobject=\count106
\everyMPtoPDFconversion=\toks22
) (/usr/local/texlive/2015/texmf-dist/tex/generic/oberdiek/pdftexcmds.sty
Package: pdftexcmds 2011/11/29 v0.20 Utility functions of pdfTeX for LuaTeX (HO)
 (/usr/local/texlive/2015/texmf-dist/tex/generic/oberdiek/ifluatex.sty
Package: ifluatex 2010/03/01 v1.3 Provides the ifluatex switch (HO)
Package ifluatex Info: LuaTeX not detected.
) (/usr/local/texlive/2015/texmf-dist/tex/generic/oberdiek/ifpdf.sty
Package: ifpdf 2011/01/30 v2.3 Provides the ifpdf switch (HO)
Package ifpdf Info: pdfTeX in PDF mode is detected.
)
Package pdftexcmds Info: LuaTeX not detected.
Package pdftexcmds Info: \pdf@primitive is available.
Package pdftexcmds Info: \pdf@ifprimitive is available.
Package pdftexcmds Info: \pdfdraftmode found.
) (/usr/local/texlive/2015/texmf-dist/tex/latex/oberdiek/epstopdf-base.sty
Package: epstopdf-base 2010/02/09 v2.5 Base part for package epstopdf
 (/usr/local/texlive/2015/texmf-dist/tex/latex/oberdiek/grfext.sty
Package: grfext 2010/08/19 v1.1 Manage graphics extensions (HO)
 (/usr/local/texlive/2015/texmf-dist/tex/generic/oberdiek/kvdefinekeys.sty
Package: kvdefinekeys 2011/04/07 v1.3 Define keys (HO)
)) (/usr/local/texlive/2015/texmf-dist/tex/latex/oberdiek/kvoptions.sty
Package: kvoptions 2011/06/30 v3.11 Key value format for package options (HO)
 (/usr/local/texlive/2015/texmf-dist/tex/generic/oberdiek/kvsetkeys.sty
Package: kvsetkeys 2012/04/25 v1.16 Key value parser (HO)
 (/usr/local/texlive/2015/texmf-dist/tex/generic/oberdiek/etexcmds.sty
Package: etexcmds 2011/02/16 v1.5 Avoid name clashes with e-TeX commands (HO)
Package etexcmds Info: Could not find \expanded.
(etexcmds)             That can mean that you are not using pdfTeX 1.50 or
(etexcmds)             that some package has redefined \expanded.
(etexcmds)             In the latter case, load this package earlier.
)))
Package grfext Info: Graphics extension search list:
(grfext)             [.png,.pdf,.jpg,.mps,.jpeg,.jbig2,.jb2,.PNG,.PDF,.JPG,.JPEG,.JBIG2,.JB2,.eps]
(grfext)             \AppendGraphicsExtensions on input line 452.
 (/usr/local/texlive/2015/texmf-dist/tex/latex/latexconfig/epstopdf-sys.cfg
File: epstopdf-sys.cfg 2010/07/13 v1.3 Configuration of (r)epstopdf for TeX Live
))
\c@lstlisting=\count107
Package caption Info: Begin \AtBeginDocument code.
Package caption Info: wrapfig package is loaded.
Package caption Info: End \AtBeginDocument code.
LaTeX Font Info:    Font shape `T1/phv/m/n' will be
(Font)              scaled to size 11.39996pt on input line 43.
LaTeX Font Info:    Font shape `T1/phv/m/n' will be
(Font)              scaled to size 23.63593pt on input line 43.
LaTeX Font Info:    Font shape `T1/phv/bx/n' in size <24.88> not available
(Font)              Font shape `T1/phv/b/n' tried instead on input line 43.
LaTeX Font Info:    Font shape `T1/phv/b/n' will be
(Font)              scaled to size 23.63593pt on input line 43.
LaTeX Font Info:    Font shape `T1/phv/m/n' will be
(Font)              scaled to size 19.70294pt on input line 43.
 [1

{/usr/local/texlive/2015/texmf-var/fonts/map/pdftex/updmap/pdftex.map}]
LaTeX Font Info:    Font shape `T1/phv/m/n' will be
(Font)              scaled to size 13.67995pt on input line 45.
LaTeX Font Info:    Font shape `T1/phv/bx/n' in size <14.4> not available
(Font)              Font shape `T1/phv/b/n' tried instead on input line 45.
LaTeX Font Info:    Font shape `T1/phv/b/n' will be
(Font)              scaled to size 13.67995pt on input line 45.
 <./images/BaseImages/DropZone.png, id=8, 722.7pt x 510.90875pt>
File: ./images/BaseImages/DropZone.png Graphic file (type png)
 <use ./images/BaseImages/DropZone.png>
Package pdftex.def Info: ./images/BaseImages/DropZone.png used on input line 56.
(pdftex.def)             Requested size: 164.77612pt x 116.48528pt.
LaTeX Font Info:    Font shape `T1/phv/m/n' will be
(Font)              scaled to size 8.54997pt on input line 57.
LaTeX Font Info:    External font `cmex10' loaded for size
(Font)              <7> on input line 58.
LaTeX Font Info:    External font `cmex10' loaded for size
(Font)              <5> on input line 58.
 <./images/BaseImages/NZjers1.png, id=9, 256.96pt x 159.59625pt>
File: ./images/BaseImages/NZjers1.png Graphic file (type png)
 <use ./images/BaseImages/NZjers1.png>
Package pdftex.def Info: ./images/BaseImages/NZjers1.png used on input line 62.
(pdftex.def)             Requested size: 164.77612pt x 102.34335pt.

Overfull \hbox (2.01398pt too wide) in paragraph at lines 54--65
[]$[]$  $[]$ 
 []

<./images/BaseImages/foetus.png, id=10, 760.8425pt x 439.6425pt>
File: ./images/BaseImages/foetus.png Graphic file (type png)
 <use ./images/BaseImages/foetus.png>
Package pdftex.def Info: ./images/BaseImages/foetus.png used on input line 69.
(pdftex.def)             Requested size: 164.77612pt x 95.21225pt.
 <./images/BaseImages/foetusNoise2.png, id=11, 760.8425pt x 439.6425pt>
File: ./images/BaseImages/foetusNoise2.png Graphic file (type png)
 <use ./images/BaseImages/foetusNoise2.png>
Package pdftex.def Info: ./images/BaseImages/foetusNoise2.png used on input line 75.
(pdftex.def)             Requested size: 164.77612pt x 95.21225pt.

Overfull \hbox (2.01398pt too wide) in paragraph at lines 67--78
[]$[]$  $[]$ 
 []

LaTeX Font Info:    Font shape `T1/phv/bx/n' in size <12> not available
(Font)              Font shape `T1/phv/b/n' tried instead on input line 88.
LaTeX Font Info:    Font shape `T1/phv/b/n' will be
(Font)              scaled to size 11.39996pt on input line 88.
[1 <./images/BaseImages/DropZone.png> <./images/BaseImages/NZjers1.png (PNG copy)> <./images/BaseImages/foetus.png> <./images/BaseImages/foetusNoise2.png>] <./images/FilterCompare.png, id=15, 1529.715pt x 1774.63pt>
File: ./images/FilterCompare.png Graphic file (type png)
 <use ./images/FilterCompare.png>
Package pdftex.def Info: ./images/FilterCompare.png used on input line 93.
(pdftex.def)             Requested size: 411.93877pt x 477.88382pt.


LaTeX Warning: `!h' float specifier changed to `!ht'.

<./images/ShortMean2.png, id=16, 521.95pt x 652.4375pt>
File: ./images/ShortMean2.png Graphic file (type png)
 <use ./images/ShortMean2.png>
Package pdftex.def Info: ./images/ShortMean2.png used on input line 108.
(pdftex.def)             Requested size: 247.16577pt x 308.9553pt.


LaTeX Warning: `h' float specifier changed to `ht'.

LaTeX Font Info:    Font shape `T1/phv/m/it' in size <10> not available
(Font)              Font shape `T1/phv/m/sl' tried instead on input line 122.
LaTeX Font Info:    Font shape `T1/phv/m/sl' will be
(Font)              scaled to size 9.49997pt on input line 122.
<./images/MedComp.png, id=17, 1529.715pt x 885.3075pt>
File: ./images/MedComp.png Graphic file (type png)
 <use ./images/MedComp.png>
Package pdftex.def Info: ./images/MedComp.png used on input line 127.
(pdftex.def)             Requested size: 329.55226pt x 190.71564pt.


LaTeX Warning: `!h' float specifier changed to `!ht'.

<./images/MED2COMP.png, id=18, 1529.715pt x 885.3075pt>
File: ./images/MED2COMP.png Graphic file (type png)
 <use ./images/MED2COMP.png>
Package pdftex.def Info: ./images/MED2COMP.png used on input line 136.
(pdftex.def)             Requested size: 329.55226pt x 190.71564pt.


LaTeX Warning: `!h' float specifier changed to `!ht'.

<./images/PreComp.png, id=19, 260.975pt x 163.61125pt>
File: ./images/PreComp.png Graphic file (type png)
 <use ./images/PreComp.png>
Package pdftex.def Info: ./images/PreComp.png used on input line 150.
(pdftex.def)             Requested size: 164.77612pt x 103.3028pt.
 <./images/SobComp.png, id=20, 260.975pt x 163.61125pt>
File: ./images/SobComp.png Graphic file (type png)
 <use ./images/SobComp.png>
Package pdftex.def Info: ./images/SobComp.png used on input line 156.
(pdftex.def)             Requested size: 164.77612pt x 103.3028pt.

Overfull \hbox (2.01398pt too wide) in paragraph at lines 148--159
[]$[]$  $[]$ 
 []


LaTeX Warning: `h' float specifier changed to `ht'.

<./images/SobelDropComp.png, id=21, 2898.83pt x 1025.8325pt>
File: ./images/SobelDropComp.png Graphic file (type png)
 <use ./images/SobelDropComp.png>
Package pdftex.def Info: ./images/SobelDropComp.png used on input line 166.
(pdftex.def)             Requested size: 411.93877pt x 145.77567pt.
 [2] [3 <./images/FilterCompare.png>]

LaTeX Warning: `!h' float specifier changed to `!ht'.

<./images/ThreshComp.png, id=29, 521.95pt x 327.2225pt>
File: ./images/ThreshComp.png Graphic file (type png)
 <use ./images/ThreshComp.png>
Package pdftex.def Info: ./images/ThreshComp.png used on input line 175.
(pdftex.def)             Requested size: 329.55226pt x 206.60562pt.


LaTeX Warning: `h' float specifier changed to `ht'.

[4 <./images/ShortMean2.png>] <./images/SUPERNJ.png, id=37, 260.975pt x 245.41687pt>
File: ./images/SUPERNJ.png Graphic file (type png)
 <use ./images/SUPERNJ.png>
Package pdftex.def Info: ./images/SUPERNJ.png used on input line 189.
(pdftex.def)             Requested size: 247.16577pt x 232.43318pt.


LaTeX Warning: `!h' float specifier changed to `!ht'.

<./images/MEGAFOET.png, id=38, 1529.715pt x 1330.9725pt>
File: ./images/MEGAFOET.png Graphic file (type png)
 <use ./images/MEGAFOET.png>
Package pdftex.def Info: ./images/MEGAFOET.png used on input line 198.
(pdftex.def)             Requested size: 329.55226pt x 286.72215pt.


LaTeX Warning: `!h' float specifier changed to `!ht'.

[5 <./images/MedComp.png> <./images/MED2COMP.png>]
LaTeX Font Info:    Font shape `T1/phv/bx/n' in size <10> not available
(Font)              Font shape `T1/phv/b/n' tried instead on input line 212.
LaTeX Font Info:    Font shape `T1/phv/b/n' will be
(Font)              scaled to size 9.49997pt on input line 212.
 [6 <./images/PreComp.png (PNG copy)> <./images/SobComp.png (PNG copy)> <./images/SobelDropComp.png>] [7 <./images/ThreshComp.png> <./images/SUPERNJ.png>] [8 <./images/MEGAFOET.png>] [9] [10] [11] (/Users/RobThomas/Documents/Uni/Fourth Year/DIP/Uni - DigImage - Coursework 1/Report/.texpadtmp/DIPmain.bbl) (./Code.tex (/usr/local/texlive/2015/texmf-dist/tex/latex/listings/lstlang1.sty
File: lstlang1.sty 2014/09/06 1.5e listings language file
)
LaTeX Font Info:    Font shape `T1/phv/m/n' will be
(Font)              scaled to size 6.64998pt on input line 1.
 (./imageClass.py
LaTeX Font Info:    Font shape `T1/phv/m/n' will be
(Font)              scaled to size 4.74998pt on input line 1.
LaTeX Font Info:    Font shape `T1/phv/m/it' in size <7> not available
(Font)              Font shape `T1/phv/m/sl' tried instead on input line 1.
LaTeX Font Info:    Font shape `T1/phv/m/sl' will be
(Font)              scaled to size 6.64998pt on input line 1.
LaTeX Font Info:    Font shape `T1/phv/bx/n' in size <7> not available
(Font)              Font shape `T1/phv/b/n' tried instead on input line 14.
LaTeX Font Info:    Font shape `T1/phv/b/n' will be
(Font)              scaled to size 6.64998pt on input line 14.
LaTeX Font Info:    Try loading font information for OMS+phv on input line 14.
 (/usr/local/texlive/2015/texmf-dist/tex/latex/psnfss/omsphv.fd
File: omsphv.fd 
)
LaTeX Font Info:    Font shape `OMS/phv/m/n' in size <7> not available
(Font)              Font shape `OMS/cmsy/m/n' tried instead on input line 14.
 [12] [13] [14] [15] [16] [17] [18] [19] [20] [21] [22] [23] [24])) [25] (/Users/RobThomas/Documents/Uni/Fourth Year/DIP/Uni - DigImage - Coursework 1/Report/.texpadtmp/DIPmain.aux) ) 
Here is how much of TeX's memory you used:
 5504 strings out of 493089
 81504 string characters out of 6134842
 437375 words of memory out of 5000000
 8886 multiletter control sequences out of 15000+600000
 44897 words of font info for 43 fonts, out of 8000000 for 9000
 1141 hyphenation exceptions out of 8191
 48i,12n,45p,1068b,1784s stack positions out of 5000i,500n,10000p,200000b,80000s
{/usr/local/texlive/2015/texmf-dist/fonts/enc/dvips/base/8r.enc}</usr/local/texlive/2015/texmf-dist/fonts/type1/public/amsfonts/cm/cmmi10.pfb></usr/local/texlive/2015/texmf-dist/fonts/type1/public/amsfonts/cm/cmmi7.pfb></usr/local/texlive/2015/texmf-dist/fonts/type1/public/amsfonts/cm/cmr10.pfb></usr/local/texlive/2015/texmf-dist/fonts/type1/public/amsfonts/cm/cmsy10.pfb></usr/local/texlive/2015/texmf-dist/fonts/type1/public/amsfonts/cm/cmsy7.pfb></usr/local/texlive/2015/texmf-dist/fonts/type1/urw/helvetic/uhvb8a.pfb></usr/local/texlive/2015/texmf-dist/fonts/type1/urw/helvetic/uhvr8a.pfb></usr/local/texlive/2015/texmf-dist/fonts/type1/urw/helvetic/uhvro8a.pfb>
Output written on "/Users/RobThomas/Documents/Uni/Fourth Year/DIP/Uni - DigImage - Coursework 1/Report/.texpadtmp/DIPmain.pdf" (26 pages, 9460120 bytes).
PDF statistics:
 135 PDF objects out of 1000 (max. 8388607)
 84 compressed objects within 1 object stream
 0 named destinations out of 1000 (max. 500000)
 71 words of extra memory for PDF output out of 10000 (max. 10000000)

